Using pre-set license
Built from '2022.3/china_unity/release' branch; Version is '2022.3.46f1c1 (671b8af4f300) revision 6757258'; Using compiler version '192829333'; Build Type 'Release'
OS: 'Windows 11  (10.0.26100) 64bit CoreCountrySpecific' Language: 'zh' Physical Memory: 32491 MB
BatchMode: 1, IsHumanControllingUs: 0, StartBugReporterOnCrash: 0, Is64bit: 1, IsPro: 1

COMMAND LINE ARGUMENTS:
D:\unity editor\2022.3.46f1c1\Editor\Unity.exe
-adb2
-batchMode
-noUpm
-name
AssetImportWorker0
-projectPath
D:/room
-logFile
Logs/AssetImportWorker0.log
-srvPort
64594
Successfully changed project path to: D:/room
D:/room
[UnityMemory] Configuration Parameters - Can be set up in boot.config
    "memorysetup-bucket-allocator-granularity=16"
    "memorysetup-bucket-allocator-bucket-count=8"
    "memorysetup-bucket-allocator-block-size=33554432"
    "memorysetup-bucket-allocator-block-count=8"
    "memorysetup-main-allocator-block-size=16777216"
    "memorysetup-thread-allocator-block-size=16777216"
    "memorysetup-gfx-main-allocator-block-size=16777216"
    "memorysetup-gfx-thread-allocator-block-size=16777216"
    "memorysetup-cache-allocator-block-size=4194304"
    "memorysetup-typetree-allocator-block-size=2097152"
    "memorysetup-profiler-bucket-allocator-granularity=16"
    "memorysetup-profiler-bucket-allocator-bucket-count=8"
    "memorysetup-profiler-bucket-allocator-block-size=33554432"
    "memorysetup-profiler-bucket-allocator-block-count=8"
    "memorysetup-profiler-allocator-block-size=16777216"
    "memorysetup-profiler-editor-allocator-block-size=1048576"
    "memorysetup-temp-allocator-size-main=16777216"
    "memorysetup-job-temp-allocator-block-size=2097152"
    "memorysetup-job-temp-allocator-block-size-background=1048576"
    "memorysetup-job-temp-allocator-reduction-small-platforms=262144"
    "memorysetup-allocator-temp-initial-block-size-main=262144"
    "memorysetup-allocator-temp-initial-block-size-worker=262144"
    "memorysetup-temp-allocator-size-background-worker=32768"
    "memorysetup-temp-allocator-size-job-worker=262144"
    "memorysetup-temp-allocator-size-preload-manager=33554432"
    "memorysetup-temp-allocator-size-nav-mesh-worker=65536"
    "memorysetup-temp-allocator-size-audio-worker=65536"
    "memorysetup-temp-allocator-size-cloud-worker=32768"
    "memorysetup-temp-allocator-size-gi-baking-worker=262144"
    "memorysetup-temp-allocator-size-gfx=262144"
Player connection [4076]  Target information:

Player connection [4076]  * "[IP] 10.202.44.245 [Port] 0 [Flags] 2 [Guid] 1783530893 [EditorId] 1783530893 [Version] 1048832 [Id] WindowsEditor(7,LAPTOP-4R5V4EO1) [Debug] 1 [PackageName] WindowsEditor [ProjectName] Editor" 

Player connection [4076] Host joined multi-casting on [225.0.0.222:54997]...
Player connection [4076] Host joined alternative multi-casting on [225.0.0.222:34997]...
[PhysX] Initialized MultithreadedTaskDispatcher with 32 workers.
Refreshing native plugins compatible for Editor in 21.64 ms, found 2 plugins.
Preloading 0 native plugins for Editor in 0.00 ms.
Initialize engine version: 2022.3.46f1c1 (671b8af4f300)
[Subsystems] Discovering subsystems at path D:/unity editor/2022.3.46f1c1/Editor/Data/Resources/UnitySubsystems
[Subsystems] Discovering subsystems at path D:/room/Assets
GfxDevice: creating device client; threaded=0; jobified=0
Direct3D:
    Version:  Direct3D 11.0 [level 11.1]
    Renderer: NVIDIA GeForce RTX 4060 Laptop GPU (ID=0x28e0)
    Vendor:   NVIDIA
    VRAM:     7957 MB
    Driver:   32.0.15.6094
Initialize mono
Mono path[0] = 'D:/unity editor/2022.3.46f1c1/Editor/Data/Managed'
Mono path[1] = 'D:/unity editor/2022.3.46f1c1/Editor/Data/MonoBleedingEdge/lib/mono/unityjit-win32'
Mono config path = 'D:/unity editor/2022.3.46f1c1/Editor/Data/MonoBleedingEdge/etc'
Using monoOptions --debugger-agent=transport=dt_socket,embedding=1,server=y,suspend=n,address=127.0.0.1:56448
Begin MonoManager ReloadAssembly
Registering precompiled unity dll's ...
Register platform support module: D:/unity editor/2022.3.46f1c1/Editor/Data/PlaybackEngines/WindowsStandaloneSupport/UnityEditor.WindowsStandalone.Extensions.dll
Registered in 0.005892 seconds.
- Loaded All Assemblies, in  0.291 seconds
Native extension for WindowsStandalone target not found
Mono: successfully reloaded assembly
- Finished resetting the current domain, in  0.191 seconds
Domain Reload Profiling: 477ms
	BeginReloadAssembly (104ms)
		ExecutionOrderSort (0ms)
		DisableScriptedObjects (0ms)
		BackupInstance (0ms)
		ReleaseScriptingObjects (0ms)
		CreateAndSetChildDomain (1ms)
	RebuildCommonClasses (27ms)
	RebuildNativeTypeToScriptingClass (8ms)
	initialDomainReloadingComplete (50ms)
	LoadAllAssembliesAndSetupDomain (97ms)
		LoadAssemblies (99ms)
		RebuildTransferFunctionScriptingTraits (0ms)
		AnalyzeDomain (95ms)
			TypeCache.Refresh (94ms)
				TypeCache.ScanAssembly (85ms)
			ScanForSourceGeneratedMonoScriptInfo (0ms)
			ResolveRequiredComponents (0ms)
	FinalizeReload (191ms)
		ReleaseScriptCaches (0ms)
		RebuildScriptCaches (0ms)
		SetupLoadedEditorAssemblies (157ms)
			LogAssemblyErrors (0ms)
			InitializePlatformSupportModulesInManaged (7ms)
			SetLoadedEditorAssemblies (6ms)
			RefreshPlugins (0ms)
			BeforeProcessingInitializeOnLoad (1ms)
			ProcessInitializeOnLoadAttributes (108ms)
			ProcessInitializeOnLoadMethodAttributes (35ms)
			AfterProcessingInitializeOnLoad (0ms)
			EditorAssembliesLoaded (0ms)
		ExecutionOrderSort2 (0ms)
		AwakeInstancesAfterBackupRestoration (0ms)
========================================================================
Worker process is ready to serve import requests
Caller must complete domain reload
Begin MonoManager ReloadAssembly
Symbol file LoadedFromMemory doesn't match image D:\room\Library\PackageCache\com.unity.visualscripting@1.8.0\Editor\VisualScripting.Core\Dependencies\YamlDotNet\Unity.VisualScripting.YamlDotNet.dll
Symbol file LoadedFromMemory doesn't match image D:\room\Library\PackageCache\com.unity.visualscripting@1.8.0\Editor\VisualScripting.Core\Dependencies\DotNetZip\Unity.VisualScripting.IonicZip.dll
- Loaded All Assemblies, in  0.607 seconds
Native extension for WindowsStandalone target not found
Mono: successfully reloaded assembly
- Finished resetting the current domain, in  0.512 seconds
Domain Reload Profiling: 1112ms
	BeginReloadAssembly (143ms)
		ExecutionOrderSort (0ms)
		DisableScriptedObjects (4ms)
		BackupInstance (0ms)
		ReleaseScriptingObjects (0ms)
		CreateAndSetChildDomain (26ms)
	RebuildCommonClasses (30ms)
	RebuildNativeTypeToScriptingClass (9ms)
	initialDomainReloadingComplete (43ms)
	LoadAllAssembliesAndSetupDomain (374ms)
		LoadAssemblies (325ms)
		RebuildTransferFunctionScriptingTraits (0ms)
		AnalyzeDomain (138ms)
			TypeCache.Refresh (112ms)
				TypeCache.ScanAssembly (101ms)
			ScanForSourceGeneratedMonoScriptInfo (19ms)
			ResolveRequiredComponents (7ms)
	FinalizeReload (512ms)
		ReleaseScriptCaches (0ms)
		RebuildScriptCaches (0ms)
		SetupLoadedEditorAssemblies (361ms)
			LogAssemblyErrors (0ms)
			InitializePlatformSupportModulesInManaged (5ms)
			SetLoadedEditorAssemblies (4ms)
			RefreshPlugins (0ms)
			BeforeProcessingInitializeOnLoad (80ms)
			ProcessInitializeOnLoadAttributes (193ms)
			ProcessInitializeOnLoadMethodAttributes (67ms)
			AfterProcessingInitializeOnLoad (10ms)
			EditorAssembliesLoaded (0ms)
		ExecutionOrderSort2 (0ms)
		AwakeInstancesAfterBackupRestoration (8ms)
Launched and connected shader compiler UnityShaderCompiler.exe after 0.04 seconds
Refreshing native plugins compatible for Editor in 7.80 ms, found 2 plugins.
Preloading 0 native plugins for Editor in 0.00 ms.
Unloading 5509 Unused Serialized files (Serialized files now loaded: 0)
Unloading 30 unused Assets / (344.9 KB). Loaded Objects now: 5985.
Memory consumption went from 221.2 MB to 220.9 MB.
Total: 2.841100 ms (FindLiveObjects: 0.283200 ms CreateObjectMapping: 0.107600 ms MarkObjects: 2.310600 ms  DeleteObjects: 0.138700 ms)

AssetImportParameters requested are different than current active one (requested -> active):
  custom:container-demuxer-ogg: 62fdf1f143b41e24485cea50d1cbac27 -> 
  custom:video-codec-MediaFoundation-h265: 746d11721c4dcdbdad8f713fa42b33f4 -> 
  custom:video-decoder-ogg-theora: a1e56fd34408186e4bbccfd4996cb3dc -> 
  custom:framework-win-MediaFoundation: 216162199b28c13a410421893ffa2e32 -> 
  custom:CustomObjectIndexerAttribute: 72b91833f83ae208fae7752999fa3104 -> 
  custom:container-demuxer-webm: 4f35f7cbe854078d1ac9338744f61a02 -> 
  custom:container-muxer-webm: aa71ff27fc2769a1b78a27578f13a17b -> 
  custom:video-decoder-webm-vp8: 9c59270c3fd7afecdb556c50c9e8de78 -> 
  custom:SearchIndexIgnoredProperties: e643bd26f0fe6173181afceb89e7c659 -> 
  custom:AudioImporter_EditorPlatform: d09bf68614088b80899f8185d706f6e7 -> 
  custom:video-encoder-webm-vp8: eb34c28f22e8b96e1ab97ce403110664 -> 
  custom:audio-decoder-ogg-vorbis: bf7c407c2cedff20999df2af8eb42d56 -> 
  custom:audio-encoder-webm-vorbis: bf7c407c2cedff20999df2af8eb42d56 -> 
  custom:scripting/precompiled-assembly-types:Assembly-CSharp: 29b09d52a4e09a907c44d1cf9662760a -> 62f871ce4bef21b37f05f423c16e3655
  custom:scripting/monoscript/fileName/GetChipBase.cs:  -> ba6635049eef862a02142d87d0ce8265
========================================================================
Received Prepare
Caller must complete domain reload
Begin MonoManager ReloadAssembly
Symbol file LoadedFromMemory doesn't match image D:\room\Library\PackageCache\com.unity.visualscripting@1.8.0\Editor\VisualScripting.Core\Dependencies\YamlDotNet\Unity.VisualScripting.YamlDotNet.dll
Symbol file LoadedFromMemory doesn't match image D:\room\Library\PackageCache\com.unity.visualscripting@1.8.0\Editor\VisualScripting.Core\Dependencies\DotNetZip\Unity.VisualScripting.IonicZip.dll
- Loaded All Assemblies, in  2.322 seconds
Native extension for WindowsStandalone target not found
Mono: successfully reloaded assembly
- Finished resetting the current domain, in  1.340 seconds
Domain Reload Profiling: 3644ms
	BeginReloadAssembly (1636ms)
		ExecutionOrderSort (0ms)
		DisableScriptedObjects (1312ms)
		BackupInstance (0ms)
		ReleaseScriptingObjects (0ms)
		CreateAndSetChildDomain (57ms)
	RebuildCommonClasses (69ms)
	RebuildNativeTypeToScriptingClass (22ms)
	initialDomainReloadingComplete (81ms)
	LoadAllAssembliesAndSetupDomain (495ms)
		LoadAssemblies (650ms)
		RebuildTransferFunctionScriptingTraits (0ms)
		AnalyzeDomain (38ms)
			TypeCache.Refresh (11ms)
				TypeCache.ScanAssembly (0ms)
			ScanForSourceGeneratedMonoScriptInfo (0ms)
			ResolveRequiredComponents (25ms)
	FinalizeReload (1341ms)
		ReleaseScriptCaches (0ms)
		RebuildScriptCaches (0ms)
		SetupLoadedEditorAssemblies (835ms)
			LogAssemblyErrors (0ms)
			InitializePlatformSupportModulesInManaged (11ms)
			SetLoadedEditorAssemblies (10ms)
			RefreshPlugins (0ms)
			BeforeProcessingInitializeOnLoad (194ms)
			ProcessInitializeOnLoadAttributes (397ms)
			ProcessInitializeOnLoadMethodAttributes (196ms)
			AfterProcessingInitializeOnLoad (27ms)
			EditorAssembliesLoaded (1ms)
		ExecutionOrderSort2 (0ms)
		AwakeInstancesAfterBackupRestoration (35ms)
Refreshing native plugins compatible for Editor in 15.07 ms, found 2 plugins.
Preloading 0 native plugins for Editor in 0.00 ms.
Unloading 5343 Unused Serialized files (Serialized files now loaded: 0)
Unloading 16 unused Assets / (314.0 KB). Loaded Objects now: 5989.
Memory consumption went from 192.3 MB to 192.0 MB.
Total: 7.652700 ms (FindLiveObjects: 0.602100 ms CreateObjectMapping: 0.224200 ms MarkObjects: 6.226800 ms  DeleteObjects: 0.597500 ms)

Prepare: number of updated asset objects reloaded= 0
AssetImportParameters requested are different than current active one (requested -> active):
  custom:container-demuxer-ogg: 62fdf1f143b41e24485cea50d1cbac27 -> 
  custom:video-codec-MediaFoundation-h265: 746d11721c4dcdbdad8f713fa42b33f4 -> 
  custom:video-decoder-ogg-theora: a1e56fd34408186e4bbccfd4996cb3dc -> 
  custom:framework-win-MediaFoundation: 216162199b28c13a410421893ffa2e32 -> 
  custom:CustomObjectIndexerAttribute: 72b91833f83ae208fae7752999fa3104 -> 
  custom:container-demuxer-webm: 4f35f7cbe854078d1ac9338744f61a02 -> 
  custom:container-muxer-webm: aa71ff27fc2769a1b78a27578f13a17b -> 
  custom:video-decoder-webm-vp8: 9c59270c3fd7afecdb556c50c9e8de78 -> 
  custom:SearchIndexIgnoredProperties: e643bd26f0fe6173181afceb89e7c659 -> 
  custom:AudioImporter_EditorPlatform: d09bf68614088b80899f8185d706f6e7 -> 
  custom:video-encoder-webm-vp8: eb34c28f22e8b96e1ab97ce403110664 -> 
  custom:audio-decoder-ogg-vorbis: bf7c407c2cedff20999df2af8eb42d56 -> 
  custom:audio-encoder-webm-vorbis: bf7c407c2cedff20999df2af8eb42d56 -> 
========================================================================
Received Import Request.
  Time since last request: 4055.204998 seconds.
  path: Assets/scripts/Chip/GetChipBase.cs
  artifactKey: Guid(47c50abf848ff5d47b0b7451a30d9f55) Importer(815301076,1909f56bfc062723c751e8b465ee728b)
Start importing Assets/scripts/Chip/GetChipBase.cs using Guid(47c50abf848ff5d47b0b7451a30d9f55) Importer(815301076,1909f56bfc062723c751e8b465ee728b) [PhysX] Initialized MultithreadedTaskDispatcher with 32 workers.
 -> (artifact id: '91fda24ad2fe9522c2640481d76d1dcc') in 0.005878 seconds
Number of updated asset objects reloaded before import = 0
Number of asset objects unloaded after import = 0
========================================================================
Received Import Request.
  Time since last request: 360.289923 seconds.
  path: Assets/scripts/Chip/GetChipBase.cs
  artifactKey: Guid(47c50abf848ff5d47b0b7451a30d9f55) Importer(815301076,1909f56bfc062723c751e8b465ee728b)
Start importing Assets/scripts/Chip/GetChipBase.cs using Guid(47c50abf848ff5d47b0b7451a30d9f55) Importer(815301076,1909f56bfc062723c751e8b465ee728b) [PhysX] Initialized MultithreadedTaskDispatcher with 32 workers.
 -> (artifact id: 'b9b0fb610ef0250e0cd3ebc507358b7e') in 0.002119 seconds
Number of updated asset objects reloaded before import = 0
Number of asset objects unloaded after import = 0
========================================================================
Received Import Request.
  Time since last request: 10.956734 seconds.
  path: Assets/scripts/Chip/GetChipBase.cs
  artifactKey: Guid(47c50abf848ff5d47b0b7451a30d9f55) Importer(815301076,1909f56bfc062723c751e8b465ee728b)
Start importing Assets/scripts/Chip/GetChipBase.cs using Guid(47c50abf848ff5d47b0b7451a30d9f55) Importer(815301076,1909f56bfc062723c751e8b465ee728b) [PhysX] Initialized MultithreadedTaskDispatcher with 32 workers.
 -> (artifact id: 'e6021b54271b72634762d46cf3c6a978') in 0.006198 seconds
Number of updated asset objects reloaded before import = 0
Number of asset objects unloaded after import = 0
========================================================================
Received Import Request.
  Time since last request: 0.652828 seconds.
  path: Assets/scripts/Chip/GetChipBase.cs
  artifactKey: Guid(47c50abf848ff5d47b0b7451a30d9f55) Importer(815301076,1909f56bfc062723c751e8b465ee728b)
Start importing Assets/scripts/Chip/GetChipBase.cs using Guid(47c50abf848ff5d47b0b7451a30d9f55) Importer(815301076,1909f56bfc062723c751e8b465ee728b) [PhysX] Initialized MultithreadedTaskDispatcher with 32 workers.
 -> (artifact id: '2b208346b685343c41bc60e2097a5a70') in 0.001709 seconds
Number of updated asset objects reloaded before import = 0
Number of asset objects unloaded after import = 0
========================================================================
Received Import Request.
  Time since last request: 1.051511 seconds.
  path: Assets/scripts/Chip/GetChipBase.cs
  artifactKey: Guid(47c50abf848ff5d47b0b7451a30d9f55) Importer(815301076,1909f56bfc062723c751e8b465ee728b)
Start importing Assets/scripts/Chip/GetChipBase.cs using Guid(47c50abf848ff5d47b0b7451a30d9f55) Importer(815301076,1909f56bfc062723c751e8b465ee728b) [PhysX] Initialized MultithreadedTaskDispatcher with 32 workers.
 -> (artifact id: '7e53bce6a9c0a1581425835481052cfe') in 0.001337 seconds
Number of updated asset objects reloaded before import = 0
Number of asset objects unloaded after import = 0
========================================================================
Received Import Request.
  Time since last request: 12.144379 seconds.
  path: Assets/scripts/Chip/GetChipBase.cs
  artifactKey: Guid(47c50abf848ff5d47b0b7451a30d9f55) Importer(815301076,1909f56bfc062723c751e8b465ee728b)
Start importing Assets/scripts/Chip/GetChipBase.cs using Guid(47c50abf848ff5d47b0b7451a30d9f55) Importer(815301076,1909f56bfc062723c751e8b465ee728b) [PhysX] Initialized MultithreadedTaskDispatcher with 32 workers.
 -> (artifact id: 'e01d46b6c93d9c1752f64ce74f4f7e69') in 0.001656 seconds
Number of updated asset objects reloaded before import = 0
Number of asset objects unloaded after import = 0
========================================================================
Received Import Request.
  Time since last request: 2.526347 seconds.
  path: Assets/scripts/Chip/GetChipBase.cs
  artifactKey: Guid(47c50abf848ff5d47b0b7451a30d9f55) Importer(815301076,1909f56bfc062723c751e8b465ee728b)
Start importing Assets/scripts/Chip/GetChipBase.cs using Guid(47c50abf848ff5d47b0b7451a30d9f55) Importer(815301076,1909f56bfc062723c751e8b465ee728b) [PhysX] Initialized MultithreadedTaskDispatcher with 32 workers.
 -> (artifact id: 'ce5f3bc3d952f5140a83247fe5ddddca') in 0.001606 seconds
Number of updated asset objects reloaded before import = 0
Number of asset objects unloaded after import = 0
========================================================================
Received Import Request.
  Time since last request: 11.928670 seconds.
  path: Assets/scripts/Chip/GetChipBase.cs
  artifactKey: Guid(47c50abf848ff5d47b0b7451a30d9f55) Importer(815301076,1909f56bfc062723c751e8b465ee728b)
Start importing Assets/scripts/Chip/GetChipBase.cs using Guid(47c50abf848ff5d47b0b7451a30d9f55) Importer(815301076,1909f56bfc062723c751e8b465ee728b) [PhysX] Initialized MultithreadedTaskDispatcher with 32 workers.
 -> (artifact id: '4773c45545f6495b5a66b977fd4f478a') in 0.001615 seconds
Number of updated asset objects reloaded before import = 0
Number of asset objects unloaded after import = 0
========================================================================
Received Import Request.
  Time since last request: 2.569385 seconds.
  path: Assets/scripts/Chip/GetChipBase.cs
  artifactKey: Guid(47c50abf848ff5d47b0b7451a30d9f55) Importer(815301076,1909f56bfc062723c751e8b465ee728b)
Start importing Assets/scripts/Chip/GetChipBase.cs using Guid(47c50abf848ff5d47b0b7451a30d9f55) Importer(815301076,1909f56bfc062723c751e8b465ee728b) [PhysX] Initialized MultithreadedTaskDispatcher with 32 workers.
 -> (artifact id: '7f16a67f1e5127b4a4d95cb7e39aad8a') in 0.001598 seconds
Number of updated asset objects reloaded before import = 0
Number of asset objects unloaded after import = 0
========================================================================
Received Import Request.
  Time since last request: 389.076763 seconds.
  path: Assets/scripts/Chip/GetChipBase.cs
  artifactKey: Guid(47c50abf848ff5d47b0b7451a30d9f55) Importer(815301076,1909f56bfc062723c751e8b465ee728b)
Start importing Assets/scripts/Chip/GetChipBase.cs using Guid(47c50abf848ff5d47b0b7451a30d9f55) Importer(815301076,1909f56bfc062723c751e8b465ee728b) [PhysX] Initialized MultithreadedTaskDispatcher with 32 workers.
 -> (artifact id: 'cc10c8ba0d57908c46dbfefd3c825dd3') in 0.002373 seconds
Number of updated asset objects reloaded before import = 0
Number of asset objects unloaded after import = 0
========================================================================
Received Import Request.
  Time since last request: 11.422895 seconds.
  path: Assets/scripts/Chip/GetChipBase.cs
  artifactKey: Guid(47c50abf848ff5d47b0b7451a30d9f55) Importer(815301076,1909f56bfc062723c751e8b465ee728b)
Start importing Assets/scripts/Chip/GetChipBase.cs using Guid(47c50abf848ff5d47b0b7451a30d9f55) Importer(815301076,1909f56bfc062723c751e8b465ee728b) [PhysX] Initialized MultithreadedTaskDispatcher with 32 workers.
 -> (artifact id: 'f1141a0b9cc6e47f5285f97b470b3fb2') in 0.001483 seconds
Number of updated asset objects reloaded before import = 0
Number of asset objects unloaded after import = 0
========================================================================
Received Import Request.
  Time since last request: 4.132120 seconds.
  path: Assets/scripts/Chip/GetChipBase.cs
  artifactKey: Guid(47c50abf848ff5d47b0b7451a30d9f55) Importer(815301076,1909f56bfc062723c751e8b465ee728b)
Start importing Assets/scripts/Chip/GetChipBase.cs using Guid(47c50abf848ff5d47b0b7451a30d9f55) Importer(815301076,1909f56bfc062723c751e8b465ee728b) [PhysX] Initialized MultithreadedTaskDispatcher with 32 workers.
 -> (artifact id: '5aeb9e5888b564009db42553092fc54b') in 0.004170 seconds
Number of updated asset objects reloaded before import = 0
Number of asset objects unloaded after import = 0
========================================================================
Received Import Request.
  Time since last request: 1.828415 seconds.
  path: Assets/scripts/Chip/GetChipBase.cs
  artifactKey: Guid(47c50abf848ff5d47b0b7451a30d9f55) Importer(815301076,1909f56bfc062723c751e8b465ee728b)
Start importing Assets/scripts/Chip/GetChipBase.cs using Guid(47c50abf848ff5d47b0b7451a30d9f55) Importer(815301076,1909f56bfc062723c751e8b465ee728b) [PhysX] Initialized MultithreadedTaskDispatcher with 32 workers.
 -> (artifact id: 'db769654a96d6385edddcd27f5cc1a4d') in 0.001818 seconds
Number of updated asset objects reloaded before import = 0
Number of asset objects unloaded after import = 0
========================================================================
Received Import Request.
  Time since last request: 10.878209 seconds.
  path: Assets/scripts/Chip/GetChipBase.cs
  artifactKey: Guid(47c50abf848ff5d47b0b7451a30d9f55) Importer(815301076,1909f56bfc062723c751e8b465ee728b)
Start importing Assets/scripts/Chip/GetChipBase.cs using Guid(47c50abf848ff5d47b0b7451a30d9f55) Importer(815301076,1909f56bfc062723c751e8b465ee728b) [PhysX] Initialized MultithreadedTaskDispatcher with 32 workers.
 -> (artifact id: 'fa38bcccdc1809ac0de65609250cb765') in 0.001544 seconds
Number of updated asset objects reloaded before import = 0
Number of asset objects unloaded after import = 0
========================================================================
Received Import Request.
  Time since last request: 3.749812 seconds.
  path: Assets/scripts/Chip/GetChipBase.cs
  artifactKey: Guid(47c50abf848ff5d47b0b7451a30d9f55) Importer(815301076,1909f56bfc062723c751e8b465ee728b)
Start importing Assets/scripts/Chip/GetChipBase.cs using Guid(47c50abf848ff5d47b0b7451a30d9f55) Importer(815301076,1909f56bfc062723c751e8b465ee728b) [PhysX] Initialized MultithreadedTaskDispatcher with 32 workers.
 -> (artifact id: 'fdbb84cb1b924d4ac4ef2eb63e69e20f') in 0.001591 seconds
Number of updated asset objects reloaded before import = 0
Number of asset objects unloaded after import = 0
========================================================================
Received Import Request.
  Time since last request: 5.142545 seconds.
  path: Assets/scripts/Chip/GetChipBase.cs
  artifactKey: Guid(47c50abf848ff5d47b0b7451a30d9f55) Importer(815301076,1909f56bfc062723c751e8b465ee728b)
Start importing Assets/scripts/Chip/GetChipBase.cs using Guid(47c50abf848ff5d47b0b7451a30d9f55) Importer(815301076,1909f56bfc062723c751e8b465ee728b) [PhysX] Initialized MultithreadedTaskDispatcher with 32 workers.
 -> (artifact id: 'e249c13fcfd678a4a9f5e5609c1a2345') in 0.001660 seconds
Number of updated asset objects reloaded before import = 0
Number of asset objects unloaded after import = 0
========================================================================
Received Import Request.
  Time since last request: 3.780717 seconds.
  path: Assets/scripts/Chip/GetChipBase.cs
  artifactKey: Guid(47c50abf848ff5d47b0b7451a30d9f55) Importer(815301076,1909f56bfc062723c751e8b465ee728b)
Start importing Assets/scripts/Chip/GetChipBase.cs using Guid(47c50abf848ff5d47b0b7451a30d9f55) Importer(815301076,1909f56bfc062723c751e8b465ee728b) [PhysX] Initialized MultithreadedTaskDispatcher with 32 workers.
 -> (artifact id: '36d7e2940fc69c80ae2e8b65946626cf') in 0.001567 seconds
Number of updated asset objects reloaded before import = 0
Number of asset objects unloaded after import = 0
========================================================================
Received Import Request.
  Time since last request: 4.391582 seconds.
  path: Assets/scripts/Chip/GetChipBase.cs
  artifactKey: Guid(47c50abf848ff5d47b0b7451a30d9f55) Importer(815301076,1909f56bfc062723c751e8b465ee728b)
Start importing Assets/scripts/Chip/GetChipBase.cs using Guid(47c50abf848ff5d47b0b7451a30d9f55) Importer(815301076,1909f56bfc062723c751e8b465ee728b) [PhysX] Initialized MultithreadedTaskDispatcher with 32 workers.
 -> (artifact id: '3933740e4f322522a76b0a280f024805') in 0.001732 seconds
Number of updated asset objects reloaded before import = 0
Number of asset objects unloaded after import = 0
========================================================================
Received Import Request.
  Time since last request: 3.333092 seconds.
  path: Assets/scripts/Chip/GetChipBase.cs
  artifactKey: Guid(47c50abf848ff5d47b0b7451a30d9f55) Importer(815301076,1909f56bfc062723c751e8b465ee728b)
Start importing Assets/scripts/Chip/GetChipBase.cs using Guid(47c50abf848ff5d47b0b7451a30d9f55) Importer(815301076,1909f56bfc062723c751e8b465ee728b) [PhysX] Initialized MultithreadedTaskDispatcher with 32 workers.
 -> (artifact id: '4e8ee0716a204d13d1e59bd1a10d60b6') in 0.001741 seconds
Number of updated asset objects reloaded before import = 0
Number of asset objects unloaded after import = 0
========================================================================
Received Import Request.
  Time since last request: 8.188097 seconds.
  path: Assets/scripts/Chip/GetChipBase.cs
  artifactKey: Guid(47c50abf848ff5d47b0b7451a30d9f55) Importer(815301076,1909f56bfc062723c751e8b465ee728b)
Start importing Assets/scripts/Chip/GetChipBase.cs using Guid(47c50abf848ff5d47b0b7451a30d9f55) Importer(815301076,1909f56bfc062723c751e8b465ee728b) [PhysX] Initialized MultithreadedTaskDispatcher with 32 workers.
 -> (artifact id: '05871172bf97a676507a5c29b17e73e1') in 0.002880 seconds
Number of updated asset objects reloaded before import = 0
Number of asset objects unloaded after import = 0
========================================================================
Received Import Request.
  Time since last request: 3.516067 seconds.
  path: Assets/scripts/Chip/GetChipBase.cs
  artifactKey: Guid(47c50abf848ff5d47b0b7451a30d9f55) Importer(815301076,1909f56bfc062723c751e8b465ee728b)
Start importing Assets/scripts/Chip/GetChipBase.cs using Guid(47c50abf848ff5d47b0b7451a30d9f55) Importer(815301076,1909f56bfc062723c751e8b465ee728b) [PhysX] Initialized MultithreadedTaskDispatcher with 32 workers.
 -> (artifact id: '69aaeb80665c67fe749cf82f55063196') in 0.001466 seconds
Number of updated asset objects reloaded before import = 0
Number of asset objects unloaded after import = 0
========================================================================
Received Import Request.
  Time since last request: 85.577578 seconds.
  path: Assets/scripts/Chip/GetChipBase.cs
  artifactKey: Guid(47c50abf848ff5d47b0b7451a30d9f55) Importer(815301076,1909f56bfc062723c751e8b465ee728b)
Start importing Assets/scripts/Chip/GetChipBase.cs using Guid(47c50abf848ff5d47b0b7451a30d9f55) Importer(815301076,1909f56bfc062723c751e8b465ee728b) [PhysX] Initialized MultithreadedTaskDispatcher with 32 workers.
 -> (artifact id: 'b20dad6db35bc07f4f29ad5c2f05b64b') in 0.001672 seconds
Number of updated asset objects reloaded before import = 0
Number of asset objects unloaded after import = 0
========================================================================
Received Import Request.
  Time since last request: 0.817905 seconds.
  path: Assets/scripts/Chip/GetChipBase.cs
  artifactKey: Guid(47c50abf848ff5d47b0b7451a30d9f55) Importer(815301076,1909f56bfc062723c751e8b465ee728b)
Start importing Assets/scripts/Chip/GetChipBase.cs using Guid(47c50abf848ff5d47b0b7451a30d9f55) Importer(815301076,1909f56bfc062723c751e8b465ee728b) [PhysX] Initialized MultithreadedTaskDispatcher with 32 workers.
 -> (artifact id: 'ad90b59863117654b3d95b80f15c29a1') in 0.001662 seconds
Number of updated asset objects reloaded before import = 0
Number of asset objects unloaded after import = 0
========================================================================
Received Import Request.
  Time since last request: 0.491223 seconds.
  path: Assets/scripts/Chip/GetChipBase.cs
  artifactKey: Guid(47c50abf848ff5d47b0b7451a30d9f55) Importer(815301076,1909f56bfc062723c751e8b465ee728b)
Start importing Assets/scripts/Chip/GetChipBase.cs using Guid(47c50abf848ff5d47b0b7451a30d9f55) Importer(815301076,1909f56bfc062723c751e8b465ee728b) [PhysX] Initialized MultithreadedTaskDispatcher with 32 workers.
 -> (artifact id: 'a460f3826fda11137c1d75ecb13bcfc5') in 0.001612 seconds
Number of updated asset objects reloaded before import = 0
Number of asset objects unloaded after import = 0
========================================================================
Received Import Request.
  Time since last request: 1.778659 seconds.
  path: Assets/scripts/Chip/GetChipBase.cs
  artifactKey: Guid(47c50abf848ff5d47b0b7451a30d9f55) Importer(815301076,1909f56bfc062723c751e8b465ee728b)
Start importing Assets/scripts/Chip/GetChipBase.cs using Guid(47c50abf848ff5d47b0b7451a30d9f55) Importer(815301076,1909f56bfc062723c751e8b465ee728b) [PhysX] Initialized MultithreadedTaskDispatcher with 32 workers.
 -> (artifact id: '0c6ce9994fac2b3a58b175fe591e809f') in 0.001845 seconds
Number of updated asset objects reloaded before import = 0
Number of asset objects unloaded after import = 0
========================================================================
Received Prepare
Caller must complete domain reload
Begin MonoManager ReloadAssembly
Symbol file LoadedFromMemory doesn't match image D:\room\Library\PackageCache\com.unity.visualscripting@1.8.0\Editor\VisualScripting.Core\Dependencies\YamlDotNet\Unity.VisualScripting.YamlDotNet.dll
Symbol file LoadedFromMemory doesn't match image D:\room\Library\PackageCache\com.unity.visualscripting@1.8.0\Editor\VisualScripting.Core\Dependencies\DotNetZip\Unity.VisualScripting.IonicZip.dll
- Loaded All Assemblies, in  0.679 seconds
Native extension for WindowsStandalone target not found
Mono: successfully reloaded assembly
- Finished resetting the current domain, in  0.987 seconds
Domain Reload Profiling: 1661ms
	BeginReloadAssembly (419ms)
		ExecutionOrderSort (0ms)
		DisableScriptedObjects (26ms)
		BackupInstance (0ms)
		ReleaseScriptingObjects (0ms)
		CreateAndSetChildDomain (72ms)
	RebuildCommonClasses (25ms)
	RebuildNativeTypeToScriptingClass (7ms)
	initialDomainReloadingComplete (29ms)
	LoadAllAssembliesAndSetupDomain (193ms)
		LoadAssemblies (405ms)
		RebuildTransferFunctionScriptingTraits (0ms)
		AnalyzeDomain (30ms)
			TypeCache.Refresh (7ms)
				TypeCache.ScanAssembly (1ms)
			ScanForSourceGeneratedMonoScriptInfo (16ms)
			ResolveRequiredComponents (7ms)
	FinalizeReload (987ms)
		ReleaseScriptCaches (0ms)
		RebuildScriptCaches (0ms)
		SetupLoadedEditorAssemblies (302ms)
			LogAssemblyErrors (0ms)
			InitializePlatformSupportModulesInManaged (4ms)
			SetLoadedEditorAssemblies (4ms)
			RefreshPlugins (0ms)
			BeforeProcessingInitializeOnLoad (62ms)
			ProcessInitializeOnLoadAttributes (139ms)
			ProcessInitializeOnLoadMethodAttributes (79ms)
			AfterProcessingInitializeOnLoad (15ms)
			EditorAssembliesLoaded (0ms)
		ExecutionOrderSort2 (0ms)
		AwakeInstancesAfterBackupRestoration (20ms)
Refreshing native plugins compatible for Editor in 5.67 ms, found 2 plugins.
Preloading 0 native plugins for Editor in 0.00 ms.
Unloading 5343 Unused Serialized files (Serialized files now loaded: 0)
Unloading 16 unused Assets / (313.9 KB). Loaded Objects now: 5992.
Memory consumption went from 192.0 MB to 191.7 MB.
Total: 2.912400 ms (FindLiveObjects: 0.362600 ms CreateObjectMapping: 0.128800 ms MarkObjects: 2.347200 ms  DeleteObjects: 0.073200 ms)

Prepare: number of updated asset objects reloaded= 0
AssetImportParameters requested are different than current active one (requested -> active):
  custom:container-demuxer-ogg: 62fdf1f143b41e24485cea50d1cbac27 -> 
  custom:video-codec-MediaFoundation-h265: 746d11721c4dcdbdad8f713fa42b33f4 -> 
  custom:video-decoder-ogg-theora: a1e56fd34408186e4bbccfd4996cb3dc -> 
  custom:framework-win-MediaFoundation: 216162199b28c13a410421893ffa2e32 -> 
  custom:CustomObjectIndexerAttribute: 72b91833f83ae208fae7752999fa3104 -> 
  custom:container-demuxer-webm: 4f35f7cbe854078d1ac9338744f61a02 -> 
  custom:container-muxer-webm: aa71ff27fc2769a1b78a27578f13a17b -> 
  custom:video-decoder-webm-vp8: 9c59270c3fd7afecdb556c50c9e8de78 -> 
  custom:SearchIndexIgnoredProperties: e643bd26f0fe6173181afceb89e7c659 -> 
  custom:AudioImporter_EditorPlatform: d09bf68614088b80899f8185d706f6e7 -> 
  custom:video-encoder-webm-vp8: eb34c28f22e8b96e1ab97ce403110664 -> 
  custom:audio-decoder-ogg-vorbis: bf7c407c2cedff20999df2af8eb42d56 -> 
  custom:audio-encoder-webm-vorbis: bf7c407c2cedff20999df2af8eb42d56 -> 
